  main.cpp
C:\Users\Stude\Documents\GitHub\espion3d\line.h(18,13): warning C4244: 'initializing': conversion from 'float' to 'int', possible loss of data
C:\Users\Stude\Documents\GitHub\espion3d\line.h(38,81): warning C4244: 'argument': conversion from '_Ty' to 'float', possible loss of data
          with
          [
              _Ty=int
          ]
C:\Users\Stude\Documents\GitHub\espion3d\line.h(38,70): warning C4244: 'argument': conversion from '_Ty' to 'float', possible loss of data
          with
          [
              _Ty=int
          ]
C:\Users\Stude\Documents\GitHub\espion3d\line.h(38,59): warning C4244: 'argument': conversion from '_Ty' to 'float', possible loss of data
          with
          [
              _Ty=int
          ]
C:\Users\Stude\Documents\GitHub\espion3d\line.h(38,48): warning C4244: 'argument': conversion from '_Ty' to 'float', possible loss of data
          with
          [
              _Ty=int
          ]
C:\Users\Stude\Documents\GitHub\espion3d\line.h(56,81): warning C4244: 'argument': conversion from '_Ty' to 'float', possible loss of data
          with
          [
              _Ty=int
          ]
C:\Users\Stude\Documents\GitHub\espion3d\line.h(56,70): warning C4244: 'argument': conversion from '_Ty' to 'float', possible loss of data
          with
          [
              _Ty=int
          ]
C:\Users\Stude\Documents\GitHub\espion3d\line.h(56,59): warning C4244: 'argument': conversion from '_Ty' to 'float', possible loss of data
          with
          [
              _Ty=int
          ]
C:\Users\Stude\Documents\GitHub\espion3d\line.h(56,48): warning C4244: 'argument': conversion from '_Ty' to 'float', possible loss of data
          with
          [
              _Ty=int
          ]
  espion3d.vcxproj -> C:\Users\Stude\Documents\GitHub\espion3d\x64\Debug\espion3d.exe
